<!DOCTYPE html>
<html lang="en-US">
  <head>
  

  <title>
    
    
        Understanding EXPLAIN - part 3 - Joins | Louise Grandjonc, Python/SQL developer but also a human
    
  </title>

  <meta name="title" content="Understanding EXPLAIN - part 3 - Joins | Louise Grandjonc, Python/SQL developer but also a human">

  <meta charset="utf-8">
  <meta http-equiv="X-UA-Compatible" content="chrome=1">
  <meta name="HandheldFriendly" content="True">
  <meta name="MobileOptimized" content="320">
  <meta name="viewport" content="width=device-width, initial-scale=1.0">
  <meta name="referrer" content="no-referrer-when-downgrade">
  <meta name="generator" content="">
  <base href="http://www.louisemeta.com/">

  
    <meta name="description" content="Python/Django/SQL developer, PostgreSQL enthousiast">
  

  
    <meta name="author" content="Louise Grandjonc">
  

  
    <meta name="twitter:card" content="summary_large_image">
    <meta name="twitter:site" content="@louisemeta">
    <meta name="twitter:creator" content="@louisemeta">
  

  <meta property="og:title" content="Understanding EXPLAIN - part 3 - Joins | Louise Grandjonc, Python/SQL developer but also a human">
  <meta property="og:type" content="website">
  <meta property="og:url" content="http://www.louisemeta.com/">

  
    <meta property="og:image" content="http://www.louisemeta.com//images/Owls_dance_04.png">
  

  
    <meta property="og:description" content="Python/Django/SQL developer, PostgreSQL enthousiast">
  

  
    <link rel="icon" type="image/png" sizes="16x16" href="favicon.ico">
    <meta name="theme-color" content="#FFF">
  

  <link rel="canonical" href="http://www.louisemeta.com/blog/explain-3/">

  

  <link rel="stylesheet" href="http://www.louisemeta.com//styles/main.css" type="text/css">

  

  
    <link rel="stylesheet" href="https://cdnjs.cloudflare.com/ajax/libs/highlight.js/9.12.0/styles/github.min.css">
  

  
    
<script>
(function(i,s,o,g,r,a,m){i['GoogleAnalyticsObject']=r;i[r]=i[r]||function(){
(i[r].q=i[r].q||[]).push(arguments)},i[r].l=1*new Date();a=s.createElement(o),
m=s.getElementsByTagName(o)[0];a.async=1;a.src=g;m.parentNode.insertBefore(a,m)
})(window,document,'script','https://www.google-analytics.com/analytics.js','ga');

ga('create', 'UA-116410295-1', 'auto');
ga('send', 'pageview');
</script>

  
</head>

  <body>
    



<nav class="row middle-xs center-xs">
  <div class="col-xs-6 col-sm-1 logo">
    <a href="http://www.louisemeta.com/#"><img src="http://www.louisemeta.com/images/Owls_dance_04.png" alt="Louise Grandjonc, Python/SQL developer but also a human"></a>
  </div>
    
      <div class="col-xs-3 col-sm-2">
        <h3><a href="http://www.louisemeta.com/#about">About</a></h3>
      </div>
    
      <div class="col-xs-3 col-sm-2">
        <h3><a href="http://www.louisemeta.com/blog/">Blog</a></h3>
      </div>
    
      <div class="col-xs-3 col-sm-2">
        <h3><a href="http://www.louisemeta.com/talks/">Talks</a></h3>
      </div>
    
      <div class="col-xs-3 col-sm-2">
        <h3><a href="http://www.louisemeta.com/projects/">Projects</a></h3>
      </div>
    
  <div class="col-xs-6 col-sm-1 nav-toggle">
      <a href="" class="nav-icon" onclick="return false"><img src="http://www.louisemeta.com/images/icon-menu.png" alt="Open Menu"><img src="http://www.louisemeta.com/images/icon-x.png" alt="Close Menu" style="display: none;"></a>
  </div>
</nav>

<section class="nav-full row middle-xs center-xs">
  <div class="col-xs-12">
    <div class="row middle-xs center-xs">
      
        <div class="col-xs-12"><h1><a href="http://www.louisemeta.com/#about">About</a></h1></div>
      
        <div class="col-xs-12"><h1><a href="http://www.louisemeta.com/blog/">Blog</a></h1></div>
      
        <div class="col-xs-12"><h1><a href="http://www.louisemeta.com/talks/">Talks</a></h1></div>
      
        <div class="col-xs-12"><h1><a href="http://www.louisemeta.com/projects/">Projects</a></h1></div>
      
    </div>
  </div>
</section>

      <main>
      <section class="container">
          <section class="content">
              <h1> Understanding EXPLAIN - part 3 - Joins </h1>

              <div class="sub-header">
                  
                  March 2018 Â· 5 minute read
                  
              </div>

              <article class="entry-content">
                  

<h1 id="introduction">Introduction</h1>

<p>If you haven&rsquo;t read the previous articles, I really encourage to start from the beginning, <code>EXPLAIN</code> can seem a bit complicated if you don&rsquo;t have the basics. So don&rsquo;t hesitate to take a look at <a href="http://www.louisemeta.com/blog/explain/">the first</a> and <a href="http://www.louisemeta.com/blog/explain-2/">second</a> article on the subject. Moreover reading them will give you the data model and a bit more information on the examples used here !</p>

<p>But if you have read them, welcome back !<img src="http://www.louisemeta.com/images/Owls_metal_01.png" alt="Alt text" /></p>

<p>Now that you&rsquo;re a bit more familiar with <code>EXPLAIN</code>, the notions of costs, actual times, the different algorithm of scans, let&rsquo;s talk about joining tables.</p>

<h1 id="nested-loops">Nested loops</h1>

<p>Let&rsquo;s take a simple example, I want to get my owls with their jobs, for only the first jobs in my table.</p>

<p>So I do the following</p>

<pre><code class="language-code">owl_conference=# EXPLAIN ANALYZE SELECT * FROM owl JOIN job ON (job.id = owl.job_id)
                 WHERE job.id &lt; 3;
                 QUERY PLAN
------------------------------------------------------------------------------------
 Nested Loop  (cost=0.00..481.17 rows=2858 width=56)
              (actual time=0.021..12.661 rows=9002 loops=1)
   Join Filter: (owl.job_id = job.id)
   Rows Removed by Join Filter: 11002
   -&gt;  Seq Scan on owl  (cost=0.00..180.02 rows=10002 width=35)
                        (actual time=0.011..1.875 rows=10002 loops=1)
   -&gt;  Materialize  (cost=0.00..1.10 rows=2 width=21)
                    (actual time=0.000..0.000 rows=2 loops=10002)
         -&gt;  Seq Scan on job  (cost=0.00..1.09 rows=2 width=21)
                              (actual time=0.006..0.007 rows=2 loops=1)
               Filter: (id &lt; 3)
               Rows Removed by Filter: 5
 Planning time: 0.386 ms
 Execution time: 13.324 ms
(10 rows)
</code></pre>

<p>To perform a join, this <code>Nested Loops</code> algorithm loops on the owls, and for each owl, it loops over the jobs and joins on the <code>owl.job_id</code> column.</p>

<p>If I wrote a nested loop in Python, it would be something like</p>

<pre><code class="language-python">jobs = Job.objects.all()
owls = Owl.objects.all()

for owl in owls:
    for job in jobs:
        if owl.job_id == job.id:
            owl.job = job
            break
</code></pre>

<p>The complexity being O(n*m), you can imagine how slow it could get on big tables.</p>

<h1 id="hash-join">Hash join</h1>

<p>Let&rsquo;s try to join on a little bit more rows.</p>

<pre><code class="language-code">owl_conference=# EXPLAIN ANALYZE SELECT * FROM owl JOIN job ON (job.id = owl.job_id)
                 WHERE job.id &gt; 3;
                 QUERY PLAN
------------------------------------------------------------------------------------
 Hash Join  (cost=1.15..290.12 rows=7144 width=56)
            (actual time=0.143..4.790 rows=799 loops=1)
   Hash Cond: (owl.job_id = job.id)
   -&gt;  Seq Scan on owl  (cost=0.00..180.02 rows=10002 width=35)
                        (actual time=0.032..2.258 rows=10002 loops=1)
   -&gt;  Hash  (cost=1.09..1.09 rows=5 width=21)
             (actual time=0.082..0.082 rows=4 loops=1)
         Buckets: 1024  Batches: 1  Memory Usage: 9kB
         -&gt;  Seq Scan on job  (cost=0.00..1.09 rows=5 width=21)
                              (actual time=0.020..0.024 rows=4 loops=1)
               Filter: (id &gt; 3)
               Rows Removed by Filter: 3
 Planning time: 0.501 ms
 Execution time: 4.927 ms
(10 rows)
</code></pre>

<p>To perform a hash join:</p>

<ul>
<li>A hash table is created in memory with the join values and a pointer to the rows.</li>
<li>This hash is used to join</li>
</ul>

<p><img src="http://www.louisemeta.com/images/explain/hash.png" alt="Alt text" /></p>

<p>For the Python developers, it would be like creating a dictionnary for the <code>job</code> table. Like this:</p>

<pre><code class="language-python">jobs = Job.objects.all()

jobs_dict = {}
for job in jobs:
    jobs_dict[job.id] = job

owls = Owl.objects.all()
for owl in owls:
    owl.job = jobs_dict[owl.job_id]
</code></pre>

<p>This is much more efficient than the nested loop isn&rsquo;t it? So why isn&rsquo;t it used <strong>all the time</strong> ?</p>

<ul>
<li>For small tables, the complexity of building the hash table makes it less efficient than a nested loop.</li>
<li>The hash table has to fit in memory (you can see it with <code>Memory Usage: 9kB</code> in the <code>EXPLAIN</code>), so for a big set of data, it can&rsquo;t be used. The same way you wouldn&rsquo;t create a dictionnary containing 1M values.</li>
</ul>

<h1 id="merge-join">Merge join</h1>

<p>If neither <code>Nested Loop</code> or <code>Hash Join</code> can be used for joining big tables, what is the algorithm used then?</p>

<p>I am here joining the letters (about 400 000 rows) with the human table on the <code>receiver_id</code> column. So basically I want all the letters with their recipients, ordered by recipients.</p>

<pre><code class="language-code">owl_conference=# EXPLAIN ANALYZE SELECT * FROM letters JOIN human ON (receiver_id = human.id)
                 ORDER BY letters.receiver_id;
                                                            QUERY PLAN
----------------------------------------------------------------------------------------------------------------------------------
 Merge Join  (cost=55576.25..62868.63 rows=413861 width=51)
             (actual time=447.653..924.305 rows=413861 loops=1)
   Merge Cond: (human.id = letters.receiver_id)
   -&gt;  Sort  (cost=895.22..920.25 rows=10010 width=23)
             (actual time=4.770..7.747 rows=10001 loops=1)
         Sort Key: human.id
         Sort Method: quicksort  Memory: 1167kB
         -&gt;  Seq Scan on human  (cost=0.00..230.10 rows=10010 width=23)
                                (actual time=0.008..1.777 rows=10010 loops=1)
   -&gt;  Materialize  (cost=54680.83..56750.14 rows=413861 width=24)
                    (actual time=442.856..765.233 rows=413861 loops=1)
         -&gt;  Sort  (cost=54680.83..55715.48 rows=413861 width=24)
                   (actual time=442.793..687.048 rows=413861 loops=1)
               Sort Key: letters.receiver_id
               Sort Method: external merge  Disk: 15304kB
               -&gt;  Seq Scan on letters  (cost=0.00..7582.61 rows=413861 width=24)
                                        (actual time=0.015..69.756 rows=413861 loops=1)
 Planning time: 0.587 ms
 Execution time: 982.440 ms
(13 rows)
</code></pre>

<p>What you can see here is that it&rsquo;s using a <code>Merge Join</code>. To do that:</p>

<ul>
<li>The two tables are sorted on the join value</li>
<li>The join is performed on the sorted tables</li>
</ul>

<p><img src="http://www.louisemeta.com/images/explain/merge.png" alt="Alt text" /></p>

<p>This query takes almost a second and you can see that the quicksort (explained in the next article, that will be online in a couple days) uses <code>Memory: 1167kB</code> to sort the human table.
As for the letters table, it uses <code>external merge  Disk: 15304kB</code>. That&rsquo;s because I have a <code>work_mem</code> setting of 4MB that makes it impossible to sort directly in Memory.</p>

<p>If I added an index:</p>

<p><code>CREATE INDEX ON letters(receiver_id);</code></p>

<p>Then I would avoid sorting in Memory or on Disk.</p>

<pre><code class="language-code">owl_conference=# EXPLAIN ANALYZE SELECT * FROM letters JOIN human ON (receiver_id = human.id)
                 ORDER BY letters.receiver_id;
                 QUERY PLAN
----------------------------------------------------------------------------------------------
 Merge Join  (cost=0.71..31442.44 rows=413861 width=51)
             (actual time=0.033..648.119 rows=413861 loops=1)
   Merge Cond: (human.id = letters.receiver_id)
   -&gt;  Index Scan using humain_pkey on human  (cost=0.29..1715.43 rows=10010 width=23)
                                              (actual time=0.005..4.766 rows=10001 loops=1)
   -&gt;  Index Scan using letters_receiver_id_idx on letters  (cost=0.42..24530.28 rows=413861 width=24)
                                                            (actual time=0.024..502.212 rows=413861 loops=1)
 Planning time: 0.626 ms
 Execution time: 691.338 ms
(6 rows)
</code></pre>

<p>The query is still slow, so this is the kind of situation where you would have to wonder why you want 400 000 letters with their receivers&hellip; Who would really read that page ?<img src="http://www.louisemeta.com/images/Owls_dance_01.png" alt="Alt text" /></p>

<h1 id="conclusion">Conclusion</h1>

<p>I hope that you enjoyed reading this article and that now, you feel familiar with costs, actual times, scans and joins.</p>

<p>The next step will be using <code>ORDER BY</code> and the article should come really shortly !</p>

              </article>

              <div class="pagination">
                  
                      <a href="http://www.louisemeta.com/blog/explain-2/">&laquo; Understanding EXPLAIN - part 2 - â¦</a>
                  
                  

              </div>
          </section>
          <br>
          <section class="disqus">
  <div id="disqus_thread"></div>
  <script type="text/javascript">
    (function() {
      
      
      if (window.location.hostname == "localhost")
        return;
      var disqus_shortname = '';
      var dsq = document.createElement('script'); dsq.type = 'text/javascript'; dsq.async = true;
      dsq.src = '//' + disqus_shortname + '.disqus.com/embed.js';
      (document.getElementsByTagName('head')[0] || document.getElementsByTagName('body')[0]).appendChild(dsq);
    })();
  </script>
  <noscript>Please enable JavaScript to view comments powered by <a href="http://disqus.com/?ref_noscript">Disqus</a>.</noscript>
</section>

      </section>

    </main>
    <footer class="row middle-xs center-xs">

  
  
  
    <div class="col-xs-3 col-md-2"><a target="_blank" href="https://github.com/louiseGrandjonc">GitHub</a></div>
  

  
    <div class="col-xs-3 col-md-2"><a target="_blank" href="https://linkedin.com/in/louise-grandjonc-81502b80">LinkedIn</a></div>
  

  
    <div class="col-xs-3 col-md-2"><a target="_blank" href="https://twitter.com/louisemeta">Twitter</a></div>
  

  

</footer>

    <script src="https://cdnjs.cloudflare.com/ajax/libs/highlight.js/9.12.0/highlight.min.js"></script>

  <script src="http://www.louisemeta.com/scripts/main.min.js" type="text/javascript"></script>


  </body>
</html>
